Error en la linea 5, columna 12 : Syntax error
Error en la linea 5, columna 12 : Couldn't repair and continue parse
Error en la linea 5, columna 1 : Syntax error
Error en la linea 5, columna 1 : Couldn't repair and continue parse
Error en la linea 5, columna 1 : Syntax error
Error en la linea 5, columna 1 : Couldn't repair and continue parse
Error en la linea 5, columna 1 : Syntax error
Error en la linea 5, columna 1 : Couldn't repair and continue parse
Error en la linea 5, columna 1 : Syntax error
Error en la linea 5, columna 1 : Couldn't repair and continue parse
Error en la linea 5, columna 1 : Syntax error
Error en la linea 5, columna 1 : Syntax error
Error en la linea 5, columna 1 : Syntax error
Error en la linea 7, columna 1 : Syntax error
Error en la linea 1, columna 17 : Syntax error
Error en la linea 2, columna 14 : Syntax error
Error en la linea 4, columna 5 : Syntax error
Error : Couldn't repair and continue parse
Error en la linea 1, columna 17 : Syntax error
Error en la linea 1, columna 17 : Couldn't repair and continue parse
Error en la linea 1, columna 1 : Syntax error
Error en la linea 1, columna 1 : Couldn't repair and continue parse
Error en la linea 1, columna 1 : Syntax error
Error en la linea 1, columna 1 : Couldn't repair and continue parse
Error en la linea 1, columna 1 : Syntax error
Error en la linea 1, columna 1 : Couldn't repair and continue parse
Error : No existe ese espacio.
Error : No existe ese tipo.
Error : No existe ese espacio.
Error : No existe ese tipo.
Error : No existe ese espacio.
Error : No existe ese tipo.
Error : No existe ese espacio.
Error : No existe ese tipo.
Error : No existe ese espacio.
Error : No existe ese tipo.
Error : No existe ese espacio.
Error : No existe ese tipo.
Error : No existe ese espacio.
Error : No existe ese tipo.
Error : No existe ese espacio.
Error : No existe ese tipo.
Error : No existe ese espacio.
Error : No existe ese tipo.
Error : No existe ese espacio.
Error : No existe ese tipo.
Error : No existe ese espacio.
Error : No existe ese tipo.
Error : No existe ese espacio.
Error : No existe ese tipo.
Error : No existe ese espacio.
Error : No existe ese tipo.
Error : No existe ese espacio.
Error : No existe ese tipo.
Error : No existe ese espacio.
Error : No existe ese tipo.
Error : No existe ese espacio.
Error : No existe ese tipo.
Error : No existe ese espacio.
Error : No existe ese tipo.
Error : No existe ese espacio.
Error : No existe ese tipo.
Error : No existe ese espacio.
Error : No existe ese tipo.
Error : No existe ese espacio.
Error : No existe ese tipo.
Error : No existe ese espacio.
Error : No existe ese tipo.
Error : No existe ese espacio.
Error : No existe ese tipo.
Error : No existe ese espacio.
Error : No existe ese tipo.
Error : No existe ese espacio.
Error : No existe ese tipo.
Error : No existe ese espacio.
Error : No existe ese tipo.
Error : No existe ese espacio.
Error : No existe ese tipo.
Error : No existe ese espacio.
Error : No existe ese tipo.
Error : No existe ese espacio.
Error : No existe ese tipo.
Error : No existe el espacio TFG.
Error : No existe el tipo Aula_grados.
Error : No existe el espacio Reuniones.
Error : No existe el tipo Aula_muliusos.
Error : No existe el espacio TFG.
Error : No existe el tipo Aula_grados.
Error : No existe el espacio Reuniones.
Error : No existe el tipo Aula_muliusos.
Error : No existe ese espacio.
Error : No existe ese tipo.
Error : No existe ese espacio.
Error : No existe ese tipo.
Error : No existe ese espacio.
Error : No existe ese tipo.
Error : No existe ese espacio.
Error : No existe ese tipo.
Error : No existe ese espacio.
Error : No existe ese tipo.
Error : No existe ese espacio.
Error : No existe ese tipo.
Error : No existe ese espacio.
Error : No existe ese tipo.
Error : No existe ese espacio.
Error : No existe ese tipo.
Error : No existe ese espacio.
Error : No existe ese tipo.
Error : No existe ese espacio.
Error : No existe ese tipo.
Error : No existe ese tipo.
Error : No existe ese tipo.
Error : No existe ese espacio.
Error : No existe ese tipo.
Error : No existe ese espacio.
Error : No existe ese tipo.
Error : No existe ese espacio.
Error : No existe ese espacio Aula_muliusos.
Error : No existe ese espacio Aula_muliusos.
Error : No existe el espacio Aula_muliusos.
Error : No existe el espacio Aula_muliusos.
Error : No existe el espacio Aula_muliusos.
Error en la linea 1, columna 1 : Syntax error
Error en la linea 1, columna 1 : Couldn't repair and continue parse
Error en la linea 1, columna 1 : Syntax error
Error en la linea 1, columna 1 : Couldn't repair and continue parse
Error en la linea 1, columna 1 : Syntax error
Error en la linea 1, columna 1 : Couldn't repair and continue parse
Error en la linea 1, columna 1 : Syntax error
Error en la linea 1, columna 1 : Couldn't repair and continue parse
Error en la linea 1, columna 1 : Syntax error
Error en la linea 1, columna 1 : Couldn't repair and continue parse
Error : No existe el espacio Aula_muliusos.
Error : No existe el espacio Aula_muliusos.
Error : No existe el espacio Aula_muliusos.
Error : No existe el espacio Aula_muliusos.
Error : No existe el espacio Aula_muliusos.
Error : La fecha de fin de reserva es anerior a la fecha de inicio
Error : No existe el espacio Aula_muliusos.
Error : No existe el espacio Aula_muliusos.
Error : No existe el espacio Aula_muliusos.
Error : No existe el espacio Aula_muliusos.
Error : La fecha de fin de reserva es anterior a la fecha de inicio
Error : No existe el espacio Aula_muliusos.
Error : La fecha de fin de reserva es anterior a la fecha de inicio
Error : No existe el espacio Aula_muliusos.
Error : No existe el espacio Aula_muliusos.
Error : No existe el espacio Aula_muliusos.
Error : El formato de la fecha es incorrecto
Error : No existe el espacio Aula_muliusos.
Error : La fecha de fin de reserva es anterior a la fecha de inicio
Error : No existe el espacio Aula_muliusos.
Error : No existe el espacio Aula_muliusos.
Error : No existe el espacio Aula_muliusos.
Error : El formato de la fecha es incorrecto
Error : No existe el espacio Aula_muliusos.
Error : No existe el espacio Aula_muliusos.
Error : No existe el espacio Aula_muliusos.
